2022-01-17 18:56:49,428 INFO       deco_utils: 2022-01-17 18:56:49.428787 Функция check_response вызвана из функции main
2022-01-17 18:57:51,318 INFO       deco_utils: 2022-01-17 18:57:51.318686 Функция check_response вызвана из функции main
2022-01-17 18:57:51,319 INFO       tcpclient: Response received...
2022-01-17 18:57:51,319 INFO       tcpclient: 200
2022-01-17 18:57:51,319 INFO       tcpclient: 1642435071.3189485
2022-01-17 18:57:51,319 INFO       tcpclient: OK
2022-01-17 18:57:52,320 INFO       tcpclient: Probation request was received...
{'action': 'probe', 'time': 1642435072.320162}
2022-01-17 18:58:02,752 INFO       tcpclient: Probation answer was sent...
2022-01-17 18:58:02,753 INFO       tcpclient: Response received...
2022-01-17 18:58:02,754 INFO       tcpclient: 200
2022-01-17 18:58:02,754 INFO       tcpclient: 1642435082.7529635
2022-01-17 18:58:02,755 INFO       tcpclient: OK
2022-01-17 19:02:30,883 WARNING    tcpclient: Connection to the server was closed manually!
2022-01-17 19:02:52,533 INFO       deco_utils: 2022-01-17 19:02:52.533551 Функция check_response вызвана из функции main
2022-01-17 19:02:52,533 INFO       tcpclient: Response received...
2022-01-17 19:02:52,533 INFO       tcpclient: 200
2022-01-17 19:02:52,533 INFO       tcpclient: 1642435372.5337734
2022-01-17 19:02:52,534 INFO       tcpclient: OK
2022-01-17 19:02:53,535 INFO       tcpclient: Probation request was received...
{'action': 'probe', 'time': 1642435373.5349877}
2022-01-17 19:03:00,655 INFO       tcpclient: Probation answer was sent...
2022-01-17 19:03:00,657 INFO       tcpclient: Response received...
2022-01-17 19:03:00,657 INFO       tcpclient: 200
2022-01-17 19:03:00,657 INFO       tcpclient: 1642435380.6566477
2022-01-17 19:03:00,658 INFO       tcpclient: OK
2022-01-17 19:04:52,430 INFO       deco_utils: 2022-01-17 19:04:52.430329 Функция check_response вызвана из функции main
2022-01-17 19:04:52,430 INFO       tcpclient: Response received...
2022-01-17 19:04:52,431 INFO       tcpclient: 200
2022-01-17 19:04:52,431 INFO       tcpclient: 1642435492.430699
2022-01-17 19:04:52,431 INFO       tcpclient: OK
2022-01-17 19:04:53,432 INFO       tcpclient: Probation request was received...
{'action': 'probe', 'time': 1642435493.4319527}
2022-01-17 19:04:55,887 INFO       tcpclient: Probation answer was sent...
2022-01-17 19:04:55,888 INFO       tcpclient: Response received...
2022-01-17 19:04:55,889 INFO       tcpclient: 200
2022-01-17 19:04:55,889 INFO       tcpclient: 1642435495.8880374
2022-01-17 19:04:55,889 INFO       tcpclient: OK
