2022-01-17 18:56:49,428 INFO       tcpserver: Connection request from IP 127.0.0.1 PORT 33788 accepted...
2022-01-17 18:56:49,429 INFO       tcpserver: Connection ACK was sent...
2022-01-17 18:56:50,430 INFO       tcpserver: Probe action was sent...
2022-01-17 18:57:51,318 INFO       tcpserver: Connection request from IP 127.0.0.1 PORT 33852 accepted...
2022-01-17 18:57:51,318 INFO       tcpserver: Connection ACK was sent...
2022-01-17 18:57:52,320 INFO       tcpserver: Probe action was sent...
2022-01-17 18:58:02,752 INFO       tcpserver: Answer received:
{'action': 'presence', 'time': 1642435082.7515442, 'type': 'status', 'user': {'account_name': 'roman', 'status': 'Yep, I am here!'}}
2022-01-17 18:58:02,753 INFO       tcpserver: Probation passed, ACK was sent...
2022-01-17 19:02:36,025 CRITICAL   tcpserver: Server was shut down manually!
2022-01-17 19:02:52,533 INFO       tcpserver: Connection request from IP 127.0.0.1 PORT 34122 accepted...
2022-01-17 19:02:52,533 INFO       tcpserver: Connection ACK was sent...
2022-01-17 19:02:53,535 INFO       tcpserver: Probe action was sent...
2022-01-17 19:03:00,656 INFO       tcpserver: Answer received:
{'action': 'presence', 'time': 1642435380.6555045, 'type': 'status', 'user': {'account_name': 'roman', 'status': 'Yep, I am here!'}}
2022-01-17 19:03:00,656 INFO       tcpserver: Probation passed, ACK was sent...
2022-01-17 19:03:12,545 CRITICAL   tcpserver: Server was shut down manually!
2022-01-17 19:04:43,862 INFO       deco_utils: 2022-01-17 19:04:43.862681 Функция encode_data вызвана из функции main
2022-01-17 19:04:43,862 INFO       deco_utils: 2022-01-17 19:04:43.862794 Функция decode_data вызвана из функции main
2022-01-17 19:04:43,862 INFO       deco_utils: 2022-01-17 19:04:43.862857 Функция response_ok_msg вызвана из функции main
2022-01-17 19:04:43,862 INFO       deco_utils: 2022-01-17 19:04:43.862931 Функция response_bad_request вызвана из функции main
2022-01-17 19:04:43,863 INFO       deco_utils: 2022-01-17 19:04:43.863002 Функция clients_probation вызвана из функции main
2022-01-17 19:04:43,863 INFO       deco_utils: 2022-01-17 19:04:43.863068 Функция check_probation_data вызвана из функции main
2022-01-17 19:04:52,430 INFO       tcpserver: Connection request from IP 127.0.0.1 PORT 34220 accepted...
2022-01-17 19:04:52,430 INFO       tcpserver: Connection ACK was sent...
2022-01-17 19:04:53,432 INFO       tcpserver: Probe action was sent...
2022-01-17 19:04:55,887 INFO       tcpserver: Answer received:
{'action': 'presence', 'time': 1642435495.8866875, 'type': 'status', 'user': {'account_name': 'roman', 'status': 'Yep, I am here!'}}
2022-01-17 19:04:55,888 INFO       tcpserver: Probation passed, ACK was sent...
2022-01-17 19:06:12,938 CRITICAL   tcpserver: Server was shut down manually!
